ERROR [org.apache.jsp.WEB_002dINF.views.framework.panic_jsp] HTTP GET /Acme-Endeavours/WEB-INF/views/framework/page.jsp HTTP/1.1
ERROR [org.apache.jsp.WEB_002dINF.views.framework.panic_jsp] Status: 404
INFO [acme.Launcher] Starting Launcher using Java 1.8.0_281 on DESKTOP-139NAB1 with PID 18144 (C:\Users\javie\Desktop\Cosas\DP\DP-2\Workspace-21.1\Projects\Acme-Endeavours\target\classes started by javie in C:\Users\javie\Desktop\Cosas\DP\DP-2\Workspace-21.1\Projects\Acme-Endeavours)
INFO [acme.Launcher] The following profiles are active: development,populator
INFO [acme.Launcher] Started Launcher in 8.374 seconds (JVM running for 9.05)
INFO [acme.framework.utilities.DatabasePopulator] Populating initial data
INFO [acme.framework.utilities.DatabasePopulator] Recreating schema
INFO [acme.framework.utilities.DatabasePopulator] Populating entities from classpath:/WEB-INF/population/initial-data.xml
INFO [acme.framework.utilities.DatabasePopulator] Validating your entities.
INFO [acme.framework.utilities.DatabasePopulator] Validating anonymousUserAccount ... PASS
INFO [acme.framework.utilities.DatabasePopulator] Validating anonymousAnonymous ... PASS
INFO [acme.framework.utilities.DatabasePopulator] Validating administratorUserAccount ... PASS
INFO [acme.framework.utilities.DatabasePopulator] Validating administratorAdministrator ... PASS
INFO [acme.framework.utilities.DatabasePopulator] Validating administratorAuthenticated ... PASS
INFO [acme.framework.utilities.DatabasePopulator] Validating spamWord01 ... PASS
INFO [acme.framework.utilities.DatabasePopulator] Validating spamWord02 ... PASS
INFO [acme.framework.utilities.DatabasePopulator] Validating spamWord03 ... PASS
INFO [acme.framework.utilities.DatabasePopulator] Validating spamWord04 ... PASS
INFO [acme.framework.utilities.DatabasePopulator] Validating spamWord05 ... PASS
INFO [acme.framework.utilities.DatabasePopulator] Validating spamWord06 ... PASS
INFO [acme.framework.utilities.DatabasePopulator] Validating spamWord07 ... PASS
INFO [acme.framework.utilities.DatabasePopulator] Validating spamWord08 ... PASS
INFO [acme.framework.utilities.DatabasePopulator] Validating spamWord09 ... PASS
INFO [acme.framework.utilities.DatabasePopulator] Validating spamWord10 ... PASS
INFO [acme.framework.utilities.DatabasePopulator] Validating spamWord11 ... PASS
INFO [acme.framework.utilities.DatabasePopulator] Validating spamWord12 ... PASS
INFO [acme.framework.utilities.DatabasePopulator] Validating spamWord13 ... PASS
INFO [acme.framework.utilities.DatabasePopulator] Validating spamWord14 ... PASS
INFO [acme.framework.utilities.DatabasePopulator] Validating spam ... PASS
INFO [acme.framework.utilities.DatabasePopulator] Sorting your entities topologically.
INFO [acme.framework.utilities.DatabasePopulator] > Setting index 0 for anonymousUserAccount.
INFO [acme.framework.utilities.DatabasePopulator] > Setting index 1 for anonymousAnonymous.
INFO [acme.framework.utilities.DatabasePopulator] > Setting index 2 for administratorUserAccount.
INFO [acme.framework.utilities.DatabasePopulator] > Setting index 3 for administratorAdministrator.
INFO [acme.framework.utilities.DatabasePopulator] > Setting index 4 for administratorAuthenticated.
INFO [acme.framework.utilities.DatabasePopulator] > Setting index 5 for spamWord01.
INFO [acme.framework.utilities.DatabasePopulator] > Setting index 6 for spamWord02.
INFO [acme.framework.utilities.DatabasePopulator] > Setting index 7 for spamWord03.
INFO [acme.framework.utilities.DatabasePopulator] > Setting index 8 for spamWord04.
INFO [acme.framework.utilities.DatabasePopulator] > Setting index 9 for spamWord05.
INFO [acme.framework.utilities.DatabasePopulator] > Setting index 10 for spamWord06.
INFO [acme.framework.utilities.DatabasePopulator] > Setting index 11 for spamWord07.
INFO [acme.framework.utilities.DatabasePopulator] > Setting index 12 for spamWord08.
INFO [acme.framework.utilities.DatabasePopulator] > Setting index 13 for spamWord09.
INFO [acme.framework.utilities.DatabasePopulator] > Setting index 14 for spamWord10.
INFO [acme.framework.utilities.DatabasePopulator] > Setting index 15 for spamWord11.
INFO [acme.framework.utilities.DatabasePopulator] > Setting index 16 for spamWord12.
INFO [acme.framework.utilities.DatabasePopulator] > Setting index 17 for spamWord13.
INFO [acme.framework.utilities.DatabasePopulator] > Setting index 18 for spamWord14.
INFO [acme.framework.utilities.DatabasePopulator] > Setting index 19 for spam.
INFO [acme.framework.utilities.DatabasePopulator] Persiting your entities.
INFO [acme.framework.utilities.DatabasePopulator] > Persisting anonymousUserAccount = acme.framework.entities.UserAccount{id=1, version=0}
INFO [acme.framework.utilities.DatabasePopulator] > Persisting anonymousAnonymous = acme.framework.entities.Anonymous{id=2, version=0}
INFO [acme.framework.utilities.DatabasePopulator] > Persisting administratorUserAccount = acme.framework.entities.UserAccount{id=3, version=0}
INFO [acme.framework.utilities.DatabasePopulator] > Persisting administratorAdministrator = acme.framework.entities.Administrator{id=4, version=0}
INFO [acme.framework.utilities.DatabasePopulator] > Persisting administratorAuthenticated = acme.framework.entities.Authenticated{id=5, version=0}
INFO [acme.framework.utilities.DatabasePopulator] > Persisting spamWord01 = acme.entities.spam.SpamWord{id=6, version=0}
INFO [acme.framework.utilities.DatabasePopulator] > Persisting spamWord02 = acme.entities.spam.SpamWord{id=7, version=0}
INFO [acme.framework.utilities.DatabasePopulator] > Persisting spamWord03 = acme.entities.spam.SpamWord{id=8, version=0}
INFO [acme.framework.utilities.DatabasePopulator] > Persisting spamWord04 = acme.entities.spam.SpamWord{id=9, version=0}
INFO [acme.framework.utilities.DatabasePopulator] > Persisting spamWord05 = acme.entities.spam.SpamWord{id=10, version=0}
INFO [acme.framework.utilities.DatabasePopulator] > Persisting spamWord06 = acme.entities.spam.SpamWord{id=11, version=0}
INFO [acme.framework.utilities.DatabasePopulator] > Persisting spamWord07 = acme.entities.spam.SpamWord{id=12, version=0}
INFO [acme.framework.utilities.DatabasePopulator] > Persisting spamWord08 = acme.entities.spam.SpamWord{id=13, version=0}
INFO [acme.framework.utilities.DatabasePopulator] > Persisting spamWord09 = acme.entities.spam.SpamWord{id=14, version=0}
INFO [acme.framework.utilities.DatabasePopulator] > Persisting spamWord10 = acme.entities.spam.SpamWord{id=15, version=0}
INFO [acme.framework.utilities.DatabasePopulator] > Persisting spamWord11 = acme.entities.spam.SpamWord{id=16, version=0}
INFO [acme.framework.utilities.DatabasePopulator] > Persisting spamWord12 = acme.entities.spam.SpamWord{id=17, version=0}
INFO [acme.framework.utilities.DatabasePopulator] > Persisting spamWord13 = acme.entities.spam.SpamWord{id=18, version=0}
INFO [acme.framework.utilities.DatabasePopulator] > Persisting spamWord14 = acme.entities.spam.SpamWord{id=19, version=0}
INFO [acme.framework.utilities.DatabasePopulator] > Persisting spam = acme.entities.spam.Spam{id=20, version=0}
INFO [acme.framework.configuration.ShutdownConfiguration] The system is shutting down...
INFO [acme.Launcher] Starting Launcher using Java 1.8.0_281 on DESKTOP-139NAB1 with PID 14616 (C:\Users\javie\Desktop\Cosas\DP\DP-2\Workspace-21.1\Projects\Acme-Endeavours\target\classes started by javie in C:\Users\javie\Desktop\Cosas\DP\DP-2\Workspace-21.1\Projects\Acme-Endeavours)
INFO [acme.Launcher] The following profiles are active: development,populator
INFO [acme.Launcher] Started Launcher in 8.208 seconds (JVM running for 8.9)
INFO [acme.framework.utilities.DatabasePopulator] Populating sample data
INFO [acme.framework.utilities.DatabasePopulator] Recreating schema
INFO [acme.framework.utilities.DatabasePopulator] Populating entities from classpath:/WEB-INF/population/initial-data.xml
INFO [acme.framework.utilities.DatabasePopulator] Validating your entities.
INFO [acme.framework.utilities.DatabasePopulator] Validating anonymousUserAccount ... PASS
INFO [acme.framework.utilities.DatabasePopulator] Validating anonymousAnonymous ... PASS
INFO [acme.framework.utilities.DatabasePopulator] Validating administratorUserAccount ... PASS
INFO [acme.framework.utilities.DatabasePopulator] Validating administratorAdministrator ... PASS
INFO [acme.framework.utilities.DatabasePopulator] Validating administratorAuthenticated ... PASS
INFO [acme.framework.utilities.DatabasePopulator] Validating spamWord01 ... PASS
INFO [acme.framework.utilities.DatabasePopulator] Validating spamWord02 ... PASS
INFO [acme.framework.utilities.DatabasePopulator] Validating spamWord03 ... PASS
INFO [acme.framework.utilities.DatabasePopulator] Validating spamWord04 ... PASS
INFO [acme.framework.utilities.DatabasePopulator] Validating spamWord05 ... PASS
INFO [acme.framework.utilities.DatabasePopulator] Validating spamWord06 ... PASS
INFO [acme.framework.utilities.DatabasePopulator] Validating spamWord07 ... PASS
INFO [acme.framework.utilities.DatabasePopulator] Validating spamWord08 ... PASS
INFO [acme.framework.utilities.DatabasePopulator] Validating spamWord09 ... PASS
INFO [acme.framework.utilities.DatabasePopulator] Validating spamWord10 ... PASS
INFO [acme.framework.utilities.DatabasePopulator] Validating spamWord11 ... PASS
INFO [acme.framework.utilities.DatabasePopulator] Validating spamWord12 ... PASS
INFO [acme.framework.utilities.DatabasePopulator] Validating spamWord13 ... PASS
INFO [acme.framework.utilities.DatabasePopulator] Validating spamWord14 ... PASS
INFO [acme.framework.utilities.DatabasePopulator] Validating spam ... PASS
INFO [acme.framework.utilities.DatabasePopulator] Sorting your entities topologically.
INFO [acme.framework.utilities.DatabasePopulator] > Setting index 0 for anonymousUserAccount.
INFO [acme.framework.utilities.DatabasePopulator] > Setting index 1 for anonymousAnonymous.
INFO [acme.framework.utilities.DatabasePopulator] > Setting index 2 for administratorUserAccount.
INFO [acme.framework.utilities.DatabasePopulator] > Setting index 3 for administratorAdministrator.
INFO [acme.framework.utilities.DatabasePopulator] > Setting index 4 for administratorAuthenticated.
INFO [acme.framework.utilities.DatabasePopulator] > Setting index 5 for spamWord01.
INFO [acme.framework.utilities.DatabasePopulator] > Setting index 6 for spamWord02.
INFO [acme.framework.utilities.DatabasePopulator] > Setting index 7 for spamWord03.
INFO [acme.framework.utilities.DatabasePopulator] > Setting index 8 for spamWord04.
INFO [acme.framework.utilities.DatabasePopulator] > Setting index 9 for spamWord05.
INFO [acme.framework.utilities.DatabasePopulator] > Setting index 10 for spamWord06.
INFO [acme.framework.utilities.DatabasePopulator] > Setting index 11 for spamWord07.
INFO [acme.framework.utilities.DatabasePopulator] > Setting index 12 for spamWord08.
INFO [acme.framework.utilities.DatabasePopulator] > Setting index 13 for spamWord09.
INFO [acme.framework.utilities.DatabasePopulator] > Setting index 14 for spamWord10.
INFO [acme.framework.utilities.DatabasePopulator] > Setting index 15 for spamWord11.
INFO [acme.framework.utilities.DatabasePopulator] > Setting index 16 for spamWord12.
INFO [acme.framework.utilities.DatabasePopulator] > Setting index 17 for spamWord13.
INFO [acme.framework.utilities.DatabasePopulator] > Setting index 18 for spamWord14.
INFO [acme.framework.utilities.DatabasePopulator] > Setting index 19 for spam.
INFO [acme.framework.utilities.DatabasePopulator] Persiting your entities.
INFO [acme.framework.utilities.DatabasePopulator] > Persisting anonymousUserAccount = acme.framework.entities.UserAccount{id=1, version=0}
INFO [acme.framework.utilities.DatabasePopulator] > Persisting anonymousAnonymous = acme.framework.entities.Anonymous{id=2, version=0}
INFO [acme.framework.utilities.DatabasePopulator] > Persisting administratorUserAccount = acme.framework.entities.UserAccount{id=3, version=0}
INFO [acme.framework.utilities.DatabasePopulator] > Persisting administratorAdministrator = acme.framework.entities.Administrator{id=4, version=0}
INFO [acme.framework.utilities.DatabasePopulator] > Persisting administratorAuthenticated = acme.framework.entities.Authenticated{id=5, version=0}
INFO [acme.framework.utilities.DatabasePopulator] > Persisting spamWord01 = acme.entities.spam.SpamWord{id=6, version=0}
INFO [acme.framework.utilities.DatabasePopulator] > Persisting spamWord02 = acme.entities.spam.SpamWord{id=7, version=0}
INFO [acme.framework.utilities.DatabasePopulator] > Persisting spamWord03 = acme.entities.spam.SpamWord{id=8, version=0}
INFO [acme.framework.utilities.DatabasePopulator] > Persisting spamWord04 = acme.entities.spam.SpamWord{id=9, version=0}
INFO [acme.framework.utilities.DatabasePopulator] > Persisting spamWord05 = acme.entities.spam.SpamWord{id=10, version=0}
INFO [acme.framework.utilities.DatabasePopulator] > Persisting spamWord06 = acme.entities.spam.SpamWord{id=11, version=0}
INFO [acme.framework.utilities.DatabasePopulator] > Persisting spamWord07 = acme.entities.spam.SpamWord{id=12, version=0}
INFO [acme.framework.utilities.DatabasePopulator] > Persisting spamWord08 = acme.entities.spam.SpamWord{id=13, version=0}
INFO [acme.framework.utilities.DatabasePopulator] > Persisting spamWord09 = acme.entities.spam.SpamWord{id=14, version=0}
INFO [acme.framework.utilities.DatabasePopulator] > Persisting spamWord10 = acme.entities.spam.SpamWord{id=15, version=0}
INFO [acme.framework.utilities.DatabasePopulator] > Persisting spamWord11 = acme.entities.spam.SpamWord{id=16, version=0}
INFO [acme.framework.utilities.DatabasePopulator] > Persisting spamWord12 = acme.entities.spam.SpamWord{id=17, version=0}
INFO [acme.framework.utilities.DatabasePopulator] > Persisting spamWord13 = acme.entities.spam.SpamWord{id=18, version=0}
INFO [acme.framework.utilities.DatabasePopulator] > Persisting spamWord14 = acme.entities.spam.SpamWord{id=19, version=0}
INFO [acme.framework.utilities.DatabasePopulator] > Persisting spam = acme.entities.spam.Spam{id=20, version=0}
INFO [acme.framework.utilities.DatabasePopulator] Populating entities from classpath:/WEB-INF/population/sample-data.xml
INFO [acme.framework.utilities.DatabasePopulator] Validating your entities.
INFO [acme.framework.utilities.DatabasePopulator] Validating officerUserAccountEx ... PASS
INFO [acme.framework.utilities.DatabasePopulator] Validating officerOfficerEx ... PASS
INFO [acme.framework.utilities.DatabasePopulator] Validating officerAuthenticatedEx ... PASS
INFO [acme.framework.utilities.DatabasePopulator] Validating officerUserAccount ... PASS
INFO [acme.framework.utilities.DatabasePopulator] Validating officerOfficer ... PASS
INFO [acme.framework.utilities.DatabasePopulator] Validating officerAuthenticated ... PASS
INFO [acme.framework.utilities.DatabasePopulator] Validating shout01 ... PASS
INFO [acme.framework.utilities.DatabasePopulator] Validating shout02 ... PASS
INFO [acme.framework.utilities.DatabasePopulator] Validating shout03 ... PASS
INFO [acme.framework.utilities.DatabasePopulator] Validating shout04 ... PASS
INFO [acme.framework.utilities.DatabasePopulator] Validating shout05 ... PASS
INFO [acme.framework.utilities.DatabasePopulator] Validating shout06 ... PASS
INFO [acme.framework.utilities.DatabasePopulator] Validating shout07 ... PASS
INFO [acme.framework.utilities.DatabasePopulator] Validating shout08 ... PASS
INFO [acme.framework.utilities.DatabasePopulator] Validating shout09 ... PASS
INFO [acme.framework.utilities.DatabasePopulator] Validating shout10 ... PASS
INFO [acme.framework.utilities.DatabasePopulator] Validating task01 ... PASS
INFO [acme.framework.utilities.DatabasePopulator] Validating task02 ... PASS
INFO [acme.framework.utilities.DatabasePopulator] Validating task03 ... PASS
INFO [acme.framework.utilities.DatabasePopulator] Validating task04 ... PASS
INFO [acme.framework.utilities.DatabasePopulator] Validating task05 ... PASS
INFO [acme.framework.utilities.DatabasePopulator] Validating task06 ... PASS
INFO [acme.framework.utilities.DatabasePopulator] Validating task07 ... PASS
INFO [acme.framework.utilities.DatabasePopulator] Validating task08 ... PASS
INFO [acme.framework.utilities.DatabasePopulator] Validating task09 ... PASS
INFO [acme.framework.utilities.DatabasePopulator] Validating task10 ... PASS
INFO [acme.framework.utilities.DatabasePopulator] Validating task11 ... PASS
INFO [acme.framework.utilities.DatabasePopulator] Sorting your entities topologically.
INFO [acme.framework.utilities.DatabasePopulator] > Setting index 0 for officerUserAccountEx.
INFO [acme.framework.utilities.DatabasePopulator] > Setting index 1 for officerOfficerEx.
INFO [acme.framework.utilities.DatabasePopulator] > Setting index 2 for officerAuthenticatedEx.
INFO [acme.framework.utilities.DatabasePopulator] > Setting index 3 for officerUserAccount.
INFO [acme.framework.utilities.DatabasePopulator] > Setting index 4 for officerOfficer.
INFO [acme.framework.utilities.DatabasePopulator] > Setting index 5 for officerAuthenticated.
INFO [acme.framework.utilities.DatabasePopulator] > Setting index 6 for shout01.
INFO [acme.framework.utilities.DatabasePopulator] > Setting index 7 for shout02.
INFO [acme.framework.utilities.DatabasePopulator] > Setting index 8 for shout03.
INFO [acme.framework.utilities.DatabasePopulator] > Setting index 9 for shout04.
INFO [acme.framework.utilities.DatabasePopulator] > Setting index 10 for shout05.
INFO [acme.framework.utilities.DatabasePopulator] > Setting index 11 for shout06.
INFO [acme.framework.utilities.DatabasePopulator] > Setting index 12 for shout07.
INFO [acme.framework.utilities.DatabasePopulator] > Setting index 13 for shout08.
INFO [acme.framework.utilities.DatabasePopulator] > Setting index 14 for shout09.
INFO [acme.framework.utilities.DatabasePopulator] > Setting index 15 for shout10.
INFO [acme.framework.utilities.DatabasePopulator] > Setting index 16 for task01.
INFO [acme.framework.utilities.DatabasePopulator] > Setting index 17 for task02.
INFO [acme.framework.utilities.DatabasePopulator] > Setting index 18 for task03.
INFO [acme.framework.utilities.DatabasePopulator] > Setting index 19 for task04.
INFO [acme.framework.utilities.DatabasePopulator] > Setting index 20 for task05.
INFO [acme.framework.utilities.DatabasePopulator] > Setting index 21 for task06.
INFO [acme.framework.utilities.DatabasePopulator] > Setting index 22 for task07.
INFO [acme.framework.utilities.DatabasePopulator] > Setting index 23 for task08.
INFO [acme.framework.utilities.DatabasePopulator] > Setting index 24 for task09.
INFO [acme.framework.utilities.DatabasePopulator] > Setting index 25 for task10.
INFO [acme.framework.utilities.DatabasePopulator] > Setting index 26 for task11.
INFO [acme.framework.utilities.DatabasePopulator] Persiting your entities.
INFO [acme.framework.utilities.DatabasePopulator] > Persisting officerUserAccountEx = acme.framework.entities.UserAccount{id=21, version=0}
INFO [acme.framework.utilities.DatabasePopulator] > Persisting officerOfficerEx = acme.entities.roles.Officer{id=22, version=0}
INFO [acme.framework.utilities.DatabasePopulator] > Persisting officerAuthenticatedEx = acme.framework.entities.Authenticated{id=23, version=0}
INFO [acme.framework.utilities.DatabasePopulator] > Persisting officerUserAccount = acme.framework.entities.UserAccount{id=24, version=0}
INFO [acme.framework.utilities.DatabasePopulator] > Persisting officerOfficer = acme.entities.roles.Officer{id=25, version=0}
INFO [acme.framework.utilities.DatabasePopulator] > Persisting officerAuthenticated = acme.framework.entities.Authenticated{id=26, version=0}
INFO [acme.framework.utilities.DatabasePopulator] > Persisting shout01 = acme.entities.shouts.Shout{id=27, version=0}
INFO [acme.framework.utilities.DatabasePopulator] > Persisting shout02 = acme.entities.shouts.Shout{id=28, version=0}
INFO [acme.framework.utilities.DatabasePopulator] > Persisting shout03 = acme.entities.shouts.Shout{id=29, version=0}
INFO [acme.framework.utilities.DatabasePopulator] > Persisting shout04 = acme.entities.shouts.Shout{id=30, version=0}
INFO [acme.framework.utilities.DatabasePopulator] > Persisting shout05 = acme.entities.shouts.Shout{id=31, version=0}
INFO [acme.framework.utilities.DatabasePopulator] > Persisting shout06 = acme.entities.shouts.Shout{id=32, version=0}
INFO [acme.framework.utilities.DatabasePopulator] > Persisting shout07 = acme.entities.shouts.Shout{id=33, version=0}
INFO [acme.framework.utilities.DatabasePopulator] > Persisting shout08 = acme.entities.shouts.Shout{id=34, version=0}
INFO [acme.framework.utilities.DatabasePopulator] > Persisting shout09 = acme.entities.shouts.Shout{id=35, version=0}
INFO [acme.framework.utilities.DatabasePopulator] > Persisting shout10 = acme.entities.shouts.Shout{id=36, version=0}
INFO [acme.framework.utilities.DatabasePopulator] > Persisting task01 = acme.entities.tasks.Task{id=37, version=0}
INFO [acme.framework.utilities.DatabasePopulator] > Persisting task02 = acme.entities.tasks.Task{id=38, version=0}
INFO [acme.framework.utilities.DatabasePopulator] > Persisting task03 = acme.entities.tasks.Task{id=39, version=0}
INFO [acme.framework.utilities.DatabasePopulator] > Persisting task04 = acme.entities.tasks.Task{id=40, version=0}
INFO [acme.framework.utilities.DatabasePopulator] > Persisting task05 = acme.entities.tasks.Task{id=41, version=0}
INFO [acme.framework.utilities.DatabasePopulator] > Persisting task06 = acme.entities.tasks.Task{id=42, version=0}
INFO [acme.framework.utilities.DatabasePopulator] > Persisting task07 = acme.entities.tasks.Task{id=43, version=0}
INFO [acme.framework.utilities.DatabasePopulator] > Persisting task08 = acme.entities.tasks.Task{id=44, version=0}
INFO [acme.framework.utilities.DatabasePopulator] > Persisting task09 = acme.entities.tasks.Task{id=45, version=0}
INFO [acme.framework.utilities.DatabasePopulator] > Persisting task10 = acme.entities.tasks.Task{id=46, version=0}
INFO [acme.framework.utilities.DatabasePopulator] > Persisting task11 = acme.entities.tasks.Task{id=47, version=0}
INFO [acme.framework.configuration.ShutdownConfiguration] The system is shutting down...
ERROR [org.apache.jsp.WEB_002dINF.views.framework.panic_jsp] HTTP GET /Acme-Endeavours/WEB-INF/views/framework/page.jsp HTTP/1.1
ERROR [org.apache.jsp.WEB_002dINF.views.framework.panic_jsp] Status: 404
ERROR [org.apache.jsp.WEB_002dINF.views.framework.panic_jsp] HTTP GET /Acme-Endeavours/WEB-INF/views/framework/page.jsp HTTP/1.1
ERROR [org.apache.jsp.WEB_002dINF.views.framework.panic_jsp] Status: 404
ERROR [org.apache.jsp.WEB_002dINF.views.framework.panic_jsp] HTTP GET /Acme-Endeavours/WEB-INF/views/framework/page.jsp HTTP/1.1
ERROR [org.apache.jsp.WEB_002dINF.views.framework.panic_jsp] Status: 404
ERROR [org.apache.jsp.WEB_002dINF.views.framework.panic_jsp] HTTP GET /Acme-Endeavours/WEB-INF/views/framework/page.jsp HTTP/1.1
ERROR [org.apache.jsp.WEB_002dINF.views.framework.panic_jsp] Status: 404
ERROR [org.apache.jsp.WEB_002dINF.views.framework.panic_jsp] HTTP GET /Acme-Endeavours/WEB-INF/views/framework/page.jsp HTTP/1.1
ERROR [org.apache.jsp.WEB_002dINF.views.framework.panic_jsp] Status: 404
ERROR [org.apache.jsp.WEB_002dINF.views.framework.panic_jsp] HTTP GET /Acme-Endeavours/WEB-INF/views/framework/page.jsp HTTP/1.1
ERROR [org.apache.jsp.WEB_002dINF.views.framework.panic_jsp] Status: 404
ERROR [org.apache.jsp.WEB_002dINF.views.framework.panic_jsp] HTTP GET /Acme-Endeavours/WEB-INF/views/framework/page.jsp HTTP/1.1
ERROR [org.apache.jsp.WEB_002dINF.views.framework.panic_jsp] Status: 404
ERROR [org.apache.jsp.WEB_002dINF.views.framework.panic_jsp] HTTP GET /Acme-Endeavours/WEB-INF/views/framework/page.jsp HTTP/1.1
ERROR [org.apache.jsp.WEB_002dINF.views.framework.panic_jsp] Status: 404
ERROR [org.apache.jsp.WEB_002dINF.views.framework.panic_jsp] HTTP GET /Acme-Endeavours/WEB-INF/views/framework/page.jsp HTTP/1.1
ERROR [org.apache.jsp.WEB_002dINF.views.framework.panic_jsp] Status: 404
ERROR [org.apache.jsp.WEB_002dINF.views.framework.panic_jsp] HTTP GET /Acme-Endeavours/WEB-INF/views/framework/page.jsp HTTP/1.1
ERROR [org.apache.jsp.WEB_002dINF.views.framework.panic_jsp] Status: 404
ERROR [org.apache.jsp.WEB_002dINF.views.framework.panic_jsp] HTTP GET /Acme-Endeavours/WEB-INF/views/framework/page.jsp HTTP/1.1
ERROR [org.apache.jsp.WEB_002dINF.views.framework.panic_jsp] Status: 404
ERROR [org.apache.jsp.WEB_002dINF.views.framework.panic_jsp] HTTP GET /Acme-Endeavours/WEB-INF/views/framework/page.jsp HTTP/1.1
ERROR [org.apache.jsp.WEB_002dINF.views.framework.panic_jsp] Status: 404
ERROR [org.apache.jsp.WEB_002dINF.views.framework.panic_jsp] HTTP GET /Acme-Endeavours/WEB-INF/views/framework/page.jsp HTTP/1.1
ERROR [org.apache.jsp.WEB_002dINF.views.framework.panic_jsp] Status: 404
WARN [org.springframework.boot.web.servlet.context.AnnotationConfigServletWebServerApplicationContext] Exception encountered during context initialization - cancelling refresh attempt: org.springframework.context.ApplicationContextException: Failed to start bean 'webServerStartStop'; nested exception is org.springframework.boot.web.server.PortInUseException: Port 8080 is already in use
ERROR [org.springframework.boot.diagnostics.LoggingFailureAnalysisReporter] ***************************
APPLICATION FAILED TO START
***************************
Description:
Web server failed to start. Port 8080 was already in use.
Action:
Identify and stop the process that's listening on port 8080 or configure this application to listen on another port.
ERROR [org.apache.jsp.WEB_002dINF.views.framework.panic_jsp] HTTP GET /Acme-Endeavours/WEB-INF/views/framework/page.jsp HTTP/1.1
ERROR [org.apache.jsp.WEB_002dINF.views.framework.panic_jsp] Status: 500
ERROR [org.apache.jsp.WEB_002dINF.views.framework.panic_jsp] Exception: acme.framework.helpers.Assert.state(Assert.java:45): Access is not authorised
ERROR [org.apache.jsp.WEB_002dINF.views.framework.panic_jsp] HTTP GET /Acme-Endeavours/WEB-INF/views/framework/page.jsp HTTP/1.1
ERROR [org.apache.jsp.WEB_002dINF.views.framework.panic_jsp] Status: 404
ERROR [org.apache.jsp.WEB_002dINF.views.framework.panic_jsp] HTTP GET /Acme-Endeavours/WEB-INF/views/framework/page.jsp HTTP/1.1
ERROR [org.apache.jsp.WEB_002dINF.views.framework.panic_jsp] Status: 404
INFO [acme.Launcher] Starting Launcher using Java 1.8.0_281 on DESKTOP-139NAB1 with PID 13044 (C:\Users\javie\Desktop\Cosas\DP\DP-2\Workspace-21.1\Projects\Acme-Endeavours\target\classes started by javie in C:\Users\javie\Desktop\Cosas\DP\DP-2\Workspace-21.1\Projects\Acme-Endeavours)
INFO [acme.Launcher] The following profiles are active: development,populator
INFO [acme.Launcher] Started Launcher in 8.112 seconds (JVM running for 8.788)
INFO [acme.framework.utilities.DatabasePopulator] Populating initial data
INFO [acme.framework.utilities.DatabasePopulator] Recreating schema
INFO [acme.framework.utilities.DatabasePopulator] Populating entities from classpath:/WEB-INF/population/initial-data.xml
INFO [acme.framework.utilities.DatabasePopulator] Validating your entities.
INFO [acme.framework.utilities.DatabasePopulator] Validating anonymousUserAccount ... PASS
INFO [acme.framework.utilities.DatabasePopulator] Validating anonymousAnonymous ... PASS
INFO [acme.framework.utilities.DatabasePopulator] Validating administratorUserAccount ... PASS
INFO [acme.framework.utilities.DatabasePopulator] Validating administratorAdministrator ... PASS
INFO [acme.framework.utilities.DatabasePopulator] Validating administratorAuthenticated ... PASS
INFO [acme.framework.utilities.DatabasePopulator] Validating spamWord01 ... PASS
INFO [acme.framework.utilities.DatabasePopulator] Validating spamWord02 ... PASS
INFO [acme.framework.utilities.DatabasePopulator] Validating spamWord03 ... PASS
INFO [acme.framework.utilities.DatabasePopulator] Validating spamWord04 ... PASS
INFO [acme.framework.utilities.DatabasePopulator] Validating spamWord05 ... PASS
INFO [acme.framework.utilities.DatabasePopulator] Validating spamWord06 ... PASS
INFO [acme.framework.utilities.DatabasePopulator] Validating spamWord07 ... PASS
INFO [acme.framework.utilities.DatabasePopulator] Validating spamWord08 ... PASS
INFO [acme.framework.utilities.DatabasePopulator] Validating spamWord09 ... PASS
INFO [acme.framework.utilities.DatabasePopulator] Validating spamWord10 ... PASS
INFO [acme.framework.utilities.DatabasePopulator] Validating spamWord11 ... PASS
INFO [acme.framework.utilities.DatabasePopulator] Validating spamWord12 ... PASS
INFO [acme.framework.utilities.DatabasePopulator] Validating spamWord13 ... PASS
INFO [acme.framework.utilities.DatabasePopulator] Validating spamWord14 ... PASS
INFO [acme.framework.utilities.DatabasePopulator] Validating spam ... PASS
INFO [acme.framework.utilities.DatabasePopulator] Sorting your entities topologically.
INFO [acme.framework.utilities.DatabasePopulator] > Setting index 0 for anonymousUserAccount.
INFO [acme.framework.utilities.DatabasePopulator] > Setting index 1 for anonymousAnonymous.
INFO [acme.framework.utilities.DatabasePopulator] > Setting index 2 for administratorUserAccount.
INFO [acme.framework.utilities.DatabasePopulator] > Setting index 3 for administratorAdministrator.
INFO [acme.framework.utilities.DatabasePopulator] > Setting index 4 for administratorAuthenticated.
INFO [acme.framework.utilities.DatabasePopulator] > Setting index 5 for spamWord01.
INFO [acme.framework.utilities.DatabasePopulator] > Setting index 6 for spamWord02.
INFO [acme.framework.utilities.DatabasePopulator] > Setting index 7 for spamWord03.
INFO [acme.framework.utilities.DatabasePopulator] > Setting index 8 for spamWord04.
INFO [acme.framework.utilities.DatabasePopulator] > Setting index 9 for spamWord05.
INFO [acme.framework.utilities.DatabasePopulator] > Setting index 10 for spamWord06.
INFO [acme.framework.utilities.DatabasePopulator] > Setting index 11 for spamWord07.
INFO [acme.framework.utilities.DatabasePopulator] > Setting index 12 for spamWord08.
INFO [acme.framework.utilities.DatabasePopulator] > Setting index 13 for spamWord09.
INFO [acme.framework.utilities.DatabasePopulator] > Setting index 14 for spamWord10.
INFO [acme.framework.utilities.DatabasePopulator] > Setting index 15 for spamWord11.
INFO [acme.framework.utilities.DatabasePopulator] > Setting index 16 for spamWord12.
INFO [acme.framework.utilities.DatabasePopulator] > Setting index 17 for spamWord13.
INFO [acme.framework.utilities.DatabasePopulator] > Setting index 18 for spamWord14.
INFO [acme.framework.utilities.DatabasePopulator] > Setting index 19 for spam.
INFO [acme.framework.utilities.DatabasePopulator] Persiting your entities.
INFO [acme.framework.utilities.DatabasePopulator] > Persisting anonymousUserAccount = acme.framework.entities.UserAccount{id=1, version=0}
INFO [acme.framework.utilities.DatabasePopulator] > Persisting anonymousAnonymous = acme.framework.entities.Anonymous{id=2, version=0}
INFO [acme.framework.utilities.DatabasePopulator] > Persisting administratorUserAccount = acme.framework.entities.UserAccount{id=3, version=0}
INFO [acme.framework.utilities.DatabasePopulator] > Persisting administratorAdministrator = acme.framework.entities.Administrator{id=4, version=0}
INFO [acme.framework.utilities.DatabasePopulator] > Persisting administratorAuthenticated = acme.framework.entities.Authenticated{id=5, version=0}
INFO [acme.framework.utilities.DatabasePopulator] > Persisting spamWord01 = acme.entities.spam.SpamWord{id=6, version=0}
INFO [acme.framework.utilities.DatabasePopulator] > Persisting spamWord02 = acme.entities.spam.SpamWord{id=7, version=0}
INFO [acme.framework.utilities.DatabasePopulator] > Persisting spamWord03 = acme.entities.spam.SpamWord{id=8, version=0}
INFO [acme.framework.utilities.DatabasePopulator] > Persisting spamWord04 = acme.entities.spam.SpamWord{id=9, version=0}
INFO [acme.framework.utilities.DatabasePopulator] > Persisting spamWord05 = acme.entities.spam.SpamWord{id=10, version=0}
INFO [acme.framework.utilities.DatabasePopulator] > Persisting spamWord06 = acme.entities.spam.SpamWord{id=11, version=0}
INFO [acme.framework.utilities.DatabasePopulator] > Persisting spamWord07 = acme.entities.spam.SpamWord{id=12, version=0}
INFO [acme.framework.utilities.DatabasePopulator] > Persisting spamWord08 = acme.entities.spam.SpamWord{id=13, version=0}
INFO [acme.framework.utilities.DatabasePopulator] > Persisting spamWord09 = acme.entities.spam.SpamWord{id=14, version=0}
INFO [acme.framework.utilities.DatabasePopulator] > Persisting spamWord10 = acme.entities.spam.SpamWord{id=15, version=0}
INFO [acme.framework.utilities.DatabasePopulator] > Persisting spamWord11 = acme.entities.spam.SpamWord{id=16, version=0}
INFO [acme.framework.utilities.DatabasePopulator] > Persisting spamWord12 = acme.entities.spam.SpamWord{id=17, version=0}
INFO [acme.framework.utilities.DatabasePopulator] > Persisting spamWord13 = acme.entities.spam.SpamWord{id=18, version=0}
INFO [acme.framework.utilities.DatabasePopulator] > Persisting spamWord14 = acme.entities.spam.SpamWord{id=19, version=0}
INFO [acme.framework.utilities.DatabasePopulator] > Persisting spam = acme.entities.spam.Spam{id=20, version=0}
INFO [acme.framework.configuration.ShutdownConfiguration] The system is shutting down...
INFO [acme.Launcher] Starting Launcher using Java 1.8.0_281 on DESKTOP-139NAB1 with PID 7044 (C:\Users\javie\Desktop\Cosas\DP\DP-2\Workspace-21.1\Projects\Acme-Endeavours\target\classes started by javie in C:\Users\javie\Desktop\Cosas\DP\DP-2\Workspace-21.1\Projects\Acme-Endeavours)
INFO [acme.Launcher] The following profiles are active: development,populator
INFO [acme.Launcher] Started Launcher in 8.405 seconds (JVM running for 9.085)
INFO [acme.framework.utilities.DatabasePopulator] Populating sample data
INFO [acme.framework.utilities.DatabasePopulator] Recreating schema
INFO [acme.framework.utilities.DatabasePopulator] Populating entities from classpath:/WEB-INF/population/initial-data.xml
INFO [acme.framework.utilities.DatabasePopulator] Validating your entities.
INFO [acme.framework.utilities.DatabasePopulator] Validating anonymousUserAccount ... PASS
INFO [acme.framework.utilities.DatabasePopulator] Validating anonymousAnonymous ... PASS
INFO [acme.framework.utilities.DatabasePopulator] Validating administratorUserAccount ... PASS
INFO [acme.framework.utilities.DatabasePopulator] Validating administratorAdministrator ... PASS
INFO [acme.framework.utilities.DatabasePopulator] Validating administratorAuthenticated ... PASS
INFO [acme.framework.utilities.DatabasePopulator] Validating spamWord01 ... PASS
INFO [acme.framework.utilities.DatabasePopulator] Validating spamWord02 ... PASS
INFO [acme.framework.utilities.DatabasePopulator] Validating spamWord03 ... PASS
INFO [acme.framework.utilities.DatabasePopulator] Validating spamWord04 ... PASS
INFO [acme.framework.utilities.DatabasePopulator] Validating spamWord05 ... PASS
INFO [acme.framework.utilities.DatabasePopulator] Validating spamWord06 ... PASS
INFO [acme.framework.utilities.DatabasePopulator] Validating spamWord07 ... PASS
INFO [acme.framework.utilities.DatabasePopulator] Validating spamWord08 ... PASS
INFO [acme.framework.utilities.DatabasePopulator] Validating spamWord09 ... PASS
INFO [acme.framework.utilities.DatabasePopulator] Validating spamWord10 ... PASS
INFO [acme.framework.utilities.DatabasePopulator] Validating spamWord11 ... PASS
INFO [acme.framework.utilities.DatabasePopulator] Validating spamWord12 ... PASS
INFO [acme.framework.utilities.DatabasePopulator] Validating spamWord13 ... PASS
INFO [acme.framework.utilities.DatabasePopulator] Validating spamWord14 ... PASS
INFO [acme.framework.utilities.DatabasePopulator] Validating spam ... PASS
INFO [acme.framework.utilities.DatabasePopulator] Sorting your entities topologically.
INFO [acme.framework.utilities.DatabasePopulator] > Setting index 0 for anonymousUserAccount.
INFO [acme.framework.utilities.DatabasePopulator] > Setting index 1 for anonymousAnonymous.
INFO [acme.framework.utilities.DatabasePopulator] > Setting index 2 for administratorUserAccount.
INFO [acme.framework.utilities.DatabasePopulator] > Setting index 3 for administratorAdministrator.
INFO [acme.framework.utilities.DatabasePopulator] > Setting index 4 for administratorAuthenticated.
INFO [acme.framework.utilities.DatabasePopulator] > Setting index 5 for spamWord01.
INFO [acme.framework.utilities.DatabasePopulator] > Setting index 6 for spamWord02.
INFO [acme.framework.utilities.DatabasePopulator] > Setting index 7 for spamWord03.
INFO [acme.framework.utilities.DatabasePopulator] > Setting index 8 for spamWord04.
INFO [acme.framework.utilities.DatabasePopulator] > Setting index 9 for spamWord05.
INFO [acme.framework.utilities.DatabasePopulator] > Setting index 10 for spamWord06.
INFO [acme.framework.utilities.DatabasePopulator] > Setting index 11 for spamWord07.
INFO [acme.framework.utilities.DatabasePopulator] > Setting index 12 for spamWord08.
INFO [acme.framework.utilities.DatabasePopulator] > Setting index 13 for spamWord09.
INFO [acme.framework.utilities.DatabasePopulator] > Setting index 14 for spamWord10.
INFO [acme.framework.utilities.DatabasePopulator] > Setting index 15 for spamWord11.
INFO [acme.framework.utilities.DatabasePopulator] > Setting index 16 for spamWord12.
INFO [acme.framework.utilities.DatabasePopulator] > Setting index 17 for spamWord13.
INFO [acme.framework.utilities.DatabasePopulator] > Setting index 18 for spamWord14.
INFO [acme.framework.utilities.DatabasePopulator] > Setting index 19 for spam.
INFO [acme.framework.utilities.DatabasePopulator] Persiting your entities.
INFO [acme.framework.utilities.DatabasePopulator] > Persisting anonymousUserAccount = acme.framework.entities.UserAccount{id=1, version=0}
INFO [acme.framework.utilities.DatabasePopulator] > Persisting anonymousAnonymous = acme.framework.entities.Anonymous{id=2, version=0}
INFO [acme.framework.utilities.DatabasePopulator] > Persisting administratorUserAccount = acme.framework.entities.UserAccount{id=3, version=0}
INFO [acme.framework.utilities.DatabasePopulator] > Persisting administratorAdministrator = acme.framework.entities.Administrator{id=4, version=0}
INFO [acme.framework.utilities.DatabasePopulator] > Persisting administratorAuthenticated = acme.framework.entities.Authenticated{id=5, version=0}
INFO [acme.framework.utilities.DatabasePopulator] > Persisting spamWord01 = acme.entities.spam.SpamWord{id=6, version=0}
INFO [acme.framework.utilities.DatabasePopulator] > Persisting spamWord02 = acme.entities.spam.SpamWord{id=7, version=0}
INFO [acme.framework.utilities.DatabasePopulator] > Persisting spamWord03 = acme.entities.spam.SpamWord{id=8, version=0}
INFO [acme.framework.utilities.DatabasePopulator] > Persisting spamWord04 = acme.entities.spam.SpamWord{id=9, version=0}
INFO [acme.framework.utilities.DatabasePopulator] > Persisting spamWord05 = acme.entities.spam.SpamWord{id=10, version=0}
INFO [acme.framework.utilities.DatabasePopulator] > Persisting spamWord06 = acme.entities.spam.SpamWord{id=11, version=0}
INFO [acme.framework.utilities.DatabasePopulator] > Persisting spamWord07 = acme.entities.spam.SpamWord{id=12, version=0}
INFO [acme.framework.utilities.DatabasePopulator] > Persisting spamWord08 = acme.entities.spam.SpamWord{id=13, version=0}
INFO [acme.framework.utilities.DatabasePopulator] > Persisting spamWord09 = acme.entities.spam.SpamWord{id=14, version=0}
INFO [acme.framework.utilities.DatabasePopulator] > Persisting spamWord10 = acme.entities.spam.SpamWord{id=15, version=0}
INFO [acme.framework.utilities.DatabasePopulator] > Persisting spamWord11 = acme.entities.spam.SpamWord{id=16, version=0}
INFO [acme.framework.utilities.DatabasePopulator] > Persisting spamWord12 = acme.entities.spam.SpamWord{id=17, version=0}
INFO [acme.framework.utilities.DatabasePopulator] > Persisting spamWord13 = acme.entities.spam.SpamWord{id=18, version=0}
INFO [acme.framework.utilities.DatabasePopulator] > Persisting spamWord14 = acme.entities.spam.SpamWord{id=19, version=0}
INFO [acme.framework.utilities.DatabasePopulator] > Persisting spam = acme.entities.spam.Spam{id=20, version=0}
INFO [acme.framework.utilities.DatabasePopulator] Populating entities from classpath:/WEB-INF/population/sample-data.xml
INFO [acme.framework.configuration.ShutdownConfiguration] The system is shutting down...
INFO [acme.Launcher] Starting Launcher using Java 1.8.0_281 on DESKTOP-139NAB1 with PID 5680 (C:\Users\javie\Desktop\Cosas\DP\DP-2\Workspace-21.1\Projects\Acme-Endeavours\target\classes started by javie in C:\Users\javie\Desktop\Cosas\DP\DP-2\Workspace-21.1\Projects\Acme-Endeavours)
INFO [acme.Launcher] The following profiles are active: development,populator
INFO [acme.Launcher] Started Launcher in 8.253 seconds (JVM running for 8.923)
INFO [acme.framework.utilities.DatabasePopulator] Populating sample data
INFO [acme.framework.utilities.DatabasePopulator] Recreating schema
INFO [acme.framework.utilities.DatabasePopulator] Populating entities from classpath:/WEB-INF/population/initial-data.xml
INFO [acme.framework.utilities.DatabasePopulator] Validating your entities.
INFO [acme.framework.utilities.DatabasePopulator] Validating anonymousUserAccount ... PASS
INFO [acme.framework.utilities.DatabasePopulator] Validating anonymousAnonymous ... PASS
INFO [acme.framework.utilities.DatabasePopulator] Validating administratorUserAccount ... PASS
INFO [acme.framework.utilities.DatabasePopulator] Validating administratorAdministrator ... PASS
INFO [acme.framework.utilities.DatabasePopulator] Validating administratorAuthenticated ... PASS
INFO [acme.framework.utilities.DatabasePopulator] Validating spamWord01 ... PASS
INFO [acme.framework.utilities.DatabasePopulator] Validating spamWord02 ... PASS
INFO [acme.framework.utilities.DatabasePopulator] Validating spamWord03 ... PASS
INFO [acme.framework.utilities.DatabasePopulator] Validating spamWord04 ... PASS
INFO [acme.framework.utilities.DatabasePopulator] Validating spamWord05 ... PASS
INFO [acme.framework.utilities.DatabasePopulator] Validating spamWord06 ... PASS
INFO [acme.framework.utilities.DatabasePopulator] Validating spamWord07 ... PASS
INFO [acme.framework.utilities.DatabasePopulator] Validating spamWord08 ... PASS
INFO [acme.framework.utilities.DatabasePopulator] Validating spamWord09 ... PASS
INFO [acme.framework.utilities.DatabasePopulator] Validating spamWord10 ... PASS
INFO [acme.framework.utilities.DatabasePopulator] Validating spamWord11 ... PASS
INFO [acme.framework.utilities.DatabasePopulator] Validating spamWord12 ... PASS
INFO [acme.framework.utilities.DatabasePopulator] Validating spamWord13 ... PASS
INFO [acme.framework.utilities.DatabasePopulator] Validating spamWord14 ... PASS
INFO [acme.framework.utilities.DatabasePopulator] Validating spam ... PASS
INFO [acme.framework.utilities.DatabasePopulator] Sorting your entities topologically.
INFO [acme.framework.utilities.DatabasePopulator] > Setting index 0 for anonymousUserAccount.
INFO [acme.framework.utilities.DatabasePopulator] > Setting index 1 for anonymousAnonymous.
INFO [acme.framework.utilities.DatabasePopulator] > Setting index 2 for administratorUserAccount.
INFO [acme.framework.utilities.DatabasePopulator] > Setting index 3 for administratorAdministrator.
INFO [acme.framework.utilities.DatabasePopulator] > Setting index 4 for administratorAuthenticated.
INFO [acme.framework.utilities.DatabasePopulator] > Setting index 5 for spamWord01.
INFO [acme.framework.utilities.DatabasePopulator] > Setting index 6 for spamWord02.
INFO [acme.framework.utilities.DatabasePopulator] > Setting index 7 for spamWord03.
INFO [acme.framework.utilities.DatabasePopulator] > Setting index 8 for spamWord04.
INFO [acme.framework.utilities.DatabasePopulator] > Setting index 9 for spamWord05.
INFO [acme.framework.utilities.DatabasePopulator] > Setting index 10 for spamWord06.
INFO [acme.framework.utilities.DatabasePopulator] > Setting index 11 for spamWord07.
INFO [acme.framework.utilities.DatabasePopulator] > Setting index 12 for spamWord08.
INFO [acme.framework.utilities.DatabasePopulator] > Setting index 13 for spamWord09.
INFO [acme.framework.utilities.DatabasePopulator] > Setting index 14 for spamWord10.
INFO [acme.framework.utilities.DatabasePopulator] > Setting index 15 for spamWord11.
INFO [acme.framework.utilities.DatabasePopulator] > Setting index 16 for spamWord12.
INFO [acme.framework.utilities.DatabasePopulator] > Setting index 17 for spamWord13.
INFO [acme.framework.utilities.DatabasePopulator] > Setting index 18 for spamWord14.
INFO [acme.framework.utilities.DatabasePopulator] > Setting index 19 for spam.
INFO [acme.framework.utilities.DatabasePopulator] Persiting your entities.
INFO [acme.framework.utilities.DatabasePopulator] > Persisting anonymousUserAccount = acme.framework.entities.UserAccount{id=1, version=0}
INFO [acme.framework.utilities.DatabasePopulator] > Persisting anonymousAnonymous = acme.framework.entities.Anonymous{id=2, version=0}
INFO [acme.framework.utilities.DatabasePopulator] > Persisting administratorUserAccount = acme.framework.entities.UserAccount{id=3, version=0}
INFO [acme.framework.utilities.DatabasePopulator] > Persisting administratorAdministrator = acme.framework.entities.Administrator{id=4, version=0}
INFO [acme.framework.utilities.DatabasePopulator] > Persisting administratorAuthenticated = acme.framework.entities.Authenticated{id=5, version=0}
INFO [acme.framework.utilities.DatabasePopulator] > Persisting spamWord01 = acme.entities.spam.SpamWord{id=6, version=0}
INFO [acme.framework.utilities.DatabasePopulator] > Persisting spamWord02 = acme.entities.spam.SpamWord{id=7, version=0}
INFO [acme.framework.utilities.DatabasePopulator] > Persisting spamWord03 = acme.entities.spam.SpamWord{id=8, version=0}
INFO [acme.framework.utilities.DatabasePopulator] > Persisting spamWord04 = acme.entities.spam.SpamWord{id=9, version=0}
INFO [acme.framework.utilities.DatabasePopulator] > Persisting spamWord05 = acme.entities.spam.SpamWord{id=10, version=0}
INFO [acme.framework.utilities.DatabasePopulator] > Persisting spamWord06 = acme.entities.spam.SpamWord{id=11, version=0}
INFO [acme.framework.utilities.DatabasePopulator] > Persisting spamWord07 = acme.entities.spam.SpamWord{id=12, version=0}
INFO [acme.framework.utilities.DatabasePopulator] > Persisting spamWord08 = acme.entities.spam.SpamWord{id=13, version=0}
INFO [acme.framework.utilities.DatabasePopulator] > Persisting spamWord09 = acme.entities.spam.SpamWord{id=14, version=0}
INFO [acme.framework.utilities.DatabasePopulator] > Persisting spamWord10 = acme.entities.spam.SpamWord{id=15, version=0}
INFO [acme.framework.utilities.DatabasePopulator] > Persisting spamWord11 = acme.entities.spam.SpamWord{id=16, version=0}
INFO [acme.framework.utilities.DatabasePopulator] > Persisting spamWord12 = acme.entities.spam.SpamWord{id=17, version=0}
INFO [acme.framework.utilities.DatabasePopulator] > Persisting spamWord13 = acme.entities.spam.SpamWord{id=18, version=0}
INFO [acme.framework.utilities.DatabasePopulator] > Persisting spamWord14 = acme.entities.spam.SpamWord{id=19, version=0}
INFO [acme.framework.utilities.DatabasePopulator] > Persisting spam = acme.entities.spam.Spam{id=20, version=0}
INFO [acme.framework.utilities.DatabasePopulator] Populating entities from classpath:/WEB-INF/population/sample-data.xml
INFO [acme.framework.utilities.DatabasePopulator] Validating your entities.
INFO [acme.framework.utilities.DatabasePopulator] Validating officerUserAccountEx ... PASS
INFO [acme.framework.utilities.DatabasePopulator] Validating officerOfficerEx ... PASS
INFO [acme.framework.utilities.DatabasePopulator] Validating officerAuthenticatedEx ... PASS
INFO [acme.framework.utilities.DatabasePopulator] Validating officerUserAccount ... PASS
INFO [acme.framework.utilities.DatabasePopulator] Validating officerOfficer ... PASS
INFO [acme.framework.utilities.DatabasePopulator] Validating officerAuthenticated ... PASS
INFO [acme.framework.utilities.DatabasePopulator] Validating shout01 ... PASS
INFO [acme.framework.utilities.DatabasePopulator] Validating shout02 ... PASS
INFO [acme.framework.utilities.DatabasePopulator] Validating shout03 ... PASS
INFO [acme.framework.utilities.DatabasePopulator] Validating shout04 ... PASS
INFO [acme.framework.utilities.DatabasePopulator] Validating shout05 ... PASS
INFO [acme.framework.utilities.DatabasePopulator] Validating shout06 ... PASS
INFO [acme.framework.utilities.DatabasePopulator] Validating shout07 ... PASS
INFO [acme.framework.utilities.DatabasePopulator] Validating shout08 ... PASS
INFO [acme.framework.utilities.DatabasePopulator] Validating shout09 ... PASS
INFO [acme.framework.utilities.DatabasePopulator] Validating shout10 ... PASS
INFO [acme.framework.utilities.DatabasePopulator] Validating duty01 ... PASS
INFO [acme.framework.utilities.DatabasePopulator] Validating duty02 ... PASS
INFO [acme.framework.utilities.DatabasePopulator] Validating duty03 ... PASS
INFO [acme.framework.utilities.DatabasePopulator] Validating duty04 ... PASS
INFO [acme.framework.utilities.DatabasePopulator] Validating duty05 ... PASS
INFO [acme.framework.utilities.DatabasePopulator] Validating duty06 ... PASS
INFO [acme.framework.utilities.DatabasePopulator] Validating duty07 ... PASS
INFO [acme.framework.utilities.DatabasePopulator] Validating duty08 ... PASS
INFO [acme.framework.utilities.DatabasePopulator] Validating duty09 ... PASS
INFO [acme.framework.utilities.DatabasePopulator] Validating duty10 ... PASS
INFO [acme.framework.utilities.DatabasePopulator] Validating duty11 ... PASS
INFO [acme.framework.utilities.DatabasePopulator] Sorting your entities topologically.
INFO [acme.framework.utilities.DatabasePopulator] > Setting index 0 for officerUserAccountEx.
INFO [acme.framework.utilities.DatabasePopulator] > Setting index 1 for officerOfficerEx.
INFO [acme.framework.utilities.DatabasePopulator] > Setting index 2 for officerAuthenticatedEx.
INFO [acme.framework.utilities.DatabasePopulator] > Setting index 3 for officerUserAccount.
INFO [acme.framework.utilities.DatabasePopulator] > Setting index 4 for officerOfficer.
INFO [acme.framework.utilities.DatabasePopulator] > Setting index 5 for officerAuthenticated.
INFO [acme.framework.utilities.DatabasePopulator] > Setting index 6 for shout01.
INFO [acme.framework.utilities.DatabasePopulator] > Setting index 7 for shout02.
INFO [acme.framework.utilities.DatabasePopulator] > Setting index 8 for shout03.
INFO [acme.framework.utilities.DatabasePopulator] > Setting index 9 for shout04.
INFO [acme.framework.utilities.DatabasePopulator] > Setting index 10 for shout05.
INFO [acme.framework.utilities.DatabasePopulator] > Setting index 11 for shout06.
INFO [acme.framework.utilities.DatabasePopulator] > Setting index 12 for shout07.
INFO [acme.framework.utilities.DatabasePopulator] > Setting index 13 for shout08.
INFO [acme.framework.utilities.DatabasePopulator] > Setting index 14 for shout09.
INFO [acme.framework.utilities.DatabasePopulator] > Setting index 15 for shout10.
INFO [acme.framework.utilities.DatabasePopulator] > Setting index 16 for duty01.
INFO [acme.framework.utilities.DatabasePopulator] > Setting index 17 for duty02.
INFO [acme.framework.utilities.DatabasePopulator] > Setting index 18 for duty03.
INFO [acme.framework.utilities.DatabasePopulator] > Setting index 19 for duty04.
INFO [acme.framework.utilities.DatabasePopulator] > Setting index 20 for duty05.
INFO [acme.framework.utilities.DatabasePopulator] > Setting index 21 for duty06.
INFO [acme.framework.utilities.DatabasePopulator] > Setting index 22 for duty07.
INFO [acme.framework.utilities.DatabasePopulator] > Setting index 23 for duty08.
INFO [acme.framework.utilities.DatabasePopulator] > Setting index 24 for duty09.
INFO [acme.framework.utilities.DatabasePopulator] > Setting index 25 for duty10.
INFO [acme.framework.utilities.DatabasePopulator] > Setting index 26 for duty11.
INFO [acme.framework.utilities.DatabasePopulator] Persiting your entities.
INFO [acme.framework.utilities.DatabasePopulator] > Persisting officerUserAccountEx = acme.framework.entities.UserAccount{id=21, version=0}
INFO [acme.framework.utilities.DatabasePopulator] > Persisting officerOfficerEx = acme.entities.roles.Officer{id=22, version=0}
INFO [acme.framework.utilities.DatabasePopulator] > Persisting officerAuthenticatedEx = acme.framework.entities.Authenticated{id=23, version=0}
INFO [acme.framework.utilities.DatabasePopulator] > Persisting officerUserAccount = acme.framework.entities.UserAccount{id=24, version=0}
INFO [acme.framework.utilities.DatabasePopulator] > Persisting officerOfficer = acme.entities.roles.Officer{id=25, version=0}
INFO [acme.framework.utilities.DatabasePopulator] > Persisting officerAuthenticated = acme.framework.entities.Authenticated{id=26, version=0}
INFO [acme.framework.utilities.DatabasePopulator] > Persisting shout01 = acme.entities.shouts.Shout{id=27, version=0}
INFO [acme.framework.utilities.DatabasePopulator] > Persisting shout02 = acme.entities.shouts.Shout{id=28, version=0}
INFO [acme.framework.utilities.DatabasePopulator] > Persisting shout03 = acme.entities.shouts.Shout{id=29, version=0}
INFO [acme.framework.utilities.DatabasePopulator] > Persisting shout04 = acme.entities.shouts.Shout{id=30, version=0}
INFO [acme.framework.utilities.DatabasePopulator] > Persisting shout05 = acme.entities.shouts.Shout{id=31, version=0}
INFO [acme.framework.utilities.DatabasePopulator] > Persisting shout06 = acme.entities.shouts.Shout{id=32, version=0}
INFO [acme.framework.utilities.DatabasePopulator] > Persisting shout07 = acme.entities.shouts.Shout{id=33, version=0}
INFO [acme.framework.utilities.DatabasePopulator] > Persisting shout08 = acme.entities.shouts.Shout{id=34, version=0}
INFO [acme.framework.utilities.DatabasePopulator] > Persisting shout09 = acme.entities.shouts.Shout{id=35, version=0}
INFO [acme.framework.utilities.DatabasePopulator] > Persisting shout10 = acme.entities.shouts.Shout{id=36, version=0}
INFO [acme.framework.utilities.DatabasePopulator] > Persisting duty01 = acme.entities.duties.Duty{id=37, version=0}
INFO [acme.framework.utilities.DatabasePopulator] > Persisting duty02 = acme.entities.duties.Duty{id=38, version=0}
INFO [acme.framework.utilities.DatabasePopulator] > Persisting duty03 = acme.entities.duties.Duty{id=39, version=0}
INFO [acme.framework.utilities.DatabasePopulator] > Persisting duty04 = acme.entities.duties.Duty{id=40, version=0}
INFO [acme.framework.utilities.DatabasePopulator] > Persisting duty05 = acme.entities.duties.Duty{id=41, version=0}
INFO [acme.framework.utilities.DatabasePopulator] > Persisting duty06 = acme.entities.duties.Duty{id=42, version=0}
INFO [acme.framework.utilities.DatabasePopulator] > Persisting duty07 = acme.entities.duties.Duty{id=43, version=0}
INFO [acme.framework.utilities.DatabasePopulator] > Persisting duty08 = acme.entities.duties.Duty{id=44, version=0}
INFO [acme.framework.utilities.DatabasePopulator] > Persisting duty09 = acme.entities.duties.Duty{id=45, version=0}
INFO [acme.framework.utilities.DatabasePopulator] > Persisting duty10 = acme.entities.duties.Duty{id=46, version=0}
INFO [acme.framework.utilities.DatabasePopulator] > Persisting duty11 = acme.entities.duties.Duty{id=47, version=0}
INFO [acme.framework.configuration.ShutdownConfiguration] The system is shutting down...
ERROR [org.apache.jsp.WEB_002dINF.views.framework.panic_jsp] HTTP GET /Acme-Endeavours/WEB-INF/views/framework/page.jsp HTTP/1.1
ERROR [org.apache.jsp.WEB_002dINF.views.framework.panic_jsp] Status: 404
